<?xml version="1.0" encoding="UTF-8"?>
<testng-results ignored="0" total="1" passed="1" failed="0" skipped="0">
  <reporter-output>
    <line>
      <![CDATA[Browser is launching]]>
    </line>
    <line>
      <![CDATA[Browser Lanunched Successfully]]>
    </line>
    <line>
      <![CDATA[Kite Login Page Loading]]>
    </line>
    <line>
      <![CDATA[Redirecting to Pin page]]>
    </line>
    <line>
      <![CDATA[Kite Home page Successfully launched]]>
    </line>
    <line>
      <![CDATA[UserId Validate Successfully,Tc is passed]]>
    </line>
    <line>
      <![CDATA[As TC is passed,So Take Screenshot that HomePage]]>
    </line>
    <line>
      <![CDATA[Taking Screenshot of TC becz TC is passed101]]>
    </line>
    <line>
      <![CDATA[LoginOut Kite Application]]>
    </line>
    <line>
      <![CDATA[Closing the Browser]]>
    </line>
    <line>
      <![CDATA[closing the browser sucessfully]]>
    </line>
  </reporter-output>
  <suite started-at="2022-04-04T17:09:09 IST" name="Default suite" finished-at="2022-04-04T17:10:00 IST" duration-ms="50911">
    <groups>
    </groups>
    <test started-at="2022-04-04T17:09:09 IST" name="Default test" finished-at="2022-04-04T17:10:00 IST" duration-ms="50911">
      <class name="test_Classes.TestClass_KiteAppUserValidation">
        <test-method is-config="true" signature="Lunching_Browser()[pri:0, instance:test_Classes.TestClass_KiteAppUserValidation@3e58a80e]" started-at="2022-04-04T17:09:09 IST" name="Lunching_Browser" finished-at="2022-04-04T17:09:46 IST" duration-ms="36812" status="PASS">
          <reporter-output>
            <line>
              <![CDATA[Browser is launching]]>
            </line>
            <line>
              <![CDATA[Browser Lanunched Successfully]]>
            </line>
          </reporter-output>
        </test-method> <!-- Lunching_Browser -->
        <test-method is-config="true" signature="Login_To_Kite()[pri:0, instance:test_Classes.TestClass_KiteAppUserValidation@3e58a80e]" started-at="2022-04-04T17:09:46 IST" name="Login_To_Kite" finished-at="2022-04-04T17:09:53 IST" duration-ms="7689" status="PASS">
          <reporter-output>
            <line>
              <![CDATA[Kite Login Page Loading]]>
            </line>
            <line>
              <![CDATA[Redirecting to Pin page]]>
            </line>
          </reporter-output>
        </test-method> <!-- Login_To_Kite -->
        <test-method signature="Validate_User()[pri:0, instance:test_Classes.TestClass_KiteAppUserValidation@3e58a80e]" started-at="2022-04-04T17:09:53 IST" name="Validate_User" finished-at="2022-04-04T17:09:57 IST" duration-ms="3477" status="PASS">
          <reporter-output>
            <line>
              <![CDATA[Kite Home page Successfully launched]]>
            </line>
            <line>
              <![CDATA[UserId Validate Successfully,Tc is passed]]>
            </line>
            <line>
              <![CDATA[As TC is passed,So Take Screenshot that HomePage]]>
            </line>
            <line>
              <![CDATA[Taking Screenshot of TC becz TC is passed101]]>
            </line>
          </reporter-output>
        </test-method> <!-- Validate_User -->
        <test-method is-config="true" signature="LogOut_From_Kite()[pri:0, instance:test_Classes.TestClass_KiteAppUserValidation@3e58a80e]" started-at="2022-04-04T17:09:57 IST" name="LogOut_From_Kite" finished-at="2022-04-04T17:09:59 IST" duration-ms="1756" status="PASS">
          <reporter-output>
            <line>
              <![CDATA[LoginOut Kite Application]]>
            </line>
          </reporter-output>
        </test-method> <!-- LogOut_From_Kite -->
        <test-method is-config="true" signature="Closing_Browser()[pri:0, instance:test_Classes.TestClass_KiteAppUserValidation@3e58a80e]" started-at="2022-04-04T17:09:59 IST" name="Closing_Browser" finished-at="2022-04-04T17:10:00 IST" duration-ms="1067" status="PASS">
          <reporter-output>
            <line>
              <![CDATA[Closing the Browser]]>
            </line>
            <line>
              <![CDATA[closing the browser sucessfully]]>
            </line>
          </reporter-output>
        </test-method> <!-- Closing_Browser -->
      </class> <!-- test_Classes.TestClass_KiteAppUserValidation -->
    </test> <!-- Default test -->
  </suite> <!-- Default suite -->
</testng-results>
